----Statistics from Golden Section Scan----
Sorted by Appearances:
2NYX 1.0 1857.60205033
2V71 1.0 642651.074788
2FXM 1.0 692311.285625
2F3X 1.0 99613.5948327
1B2P 1.0 896.964182661
2C0Z 1.0 924.271931777
1EXS 1.0 1069.00187906
3C5T 1.0 1017.32151554
1FKM 1.0 905.981023311
2D3E 1.0 638271.875675
1B34 1.0 2465.69661027
1RP3 1.0 1280.84708383
1HUU 1.0 978.62540695
2OTO 1.0 665043.353992
1F06 1.0 971.151816175
2MEV 1.0 1493.24768778
2D1L 1.0 398972.707566
2VDR 1.0 173128.227575
3DSQ 1.0 984.293803518
2QTP 1.0 804.15491355
2FNU 1.0 870.972190481
1TME 1.0 1537.24711311
2EFK 1.0 406417.316097
2EPL 1.0 393.661764822
1UB0 1.0 786.505231063
1F2T 1.0 1178.53705336
3EC8 1.0 1111.48935935
3BK2 1.0 1430.17062585
1VZJ 1.0 1211.13590349
1P3W 1.0 811.427706372
2PBI 1.0 1162.31460942
1SH8 1.0 963.49577563
2P9R 1.0 1006.35279605
2EFR 1.0 660598.772483
2B9C 1.0 680784.102953
1JMW 1.0 1324.81755498
1AFS 1.0 1534.24407906
1M1J 1.0 466673.884757
1Z6Z 1.0 1469.60139372
1FSE 1.0 1271.27232721
1MZH 1.0 1393.87429135
2Z1U 1.0 1116.11507854
1GMJ 1.0 675846.419508
3CNX 1.0 2173.61476512
2B9U 1.0 909.608835334
1I07 1.0 1466.04610428
2GPY 1.0 17079.2381083
2EFL 1.0 401153.977306
1EGP 1.0 1558.03508827
2NZ7 1.0 5625.62502369
2DTC 1.0 826.115592583
2V8Q 1.0 56525.9437071
1IK9 1.0 404650.36691
1G5G 1.0 9114.48081894
2W3Q 1.0 1261.99288084
2A87 1.0 950.601403807
1B7B 1.0 820.025874804
1KJQ 1.0 1117.53271229
1ELR 1.0 783.443215276
2VZ5 1.0 37618.8656085
3C2X 1.0 1411.00325979
1J1B 1.0 1582.87329135
2GEC 1.0 1273.21552763
1P57 1.0 1106.8371635
2B9B 1.0 157488.795073
1A9X 1.0 776.47520277
3DMW 1.0 609495.569545
2RB9 1.0 1107.65885519
2C3F 1.0 695200.606614
3FRQ 1.0 1467.95216754
3I7D 1.0 1123.93010701
3EUP 1.0 821.096467512
2PW0 1.0 1044.64679206
1CNZ 1.0 1085.1880342
1AQC 1.0 1107.00438645
1YNN 1.0 68133.2906333
3FZV 1.0 776.384125851
1YZ4 1.0 1251.62714118
1YVL 1.0 19570.085046
3GOV 1.0 378122.071149
2O4N 1.0 1096.99990661
3DLQ 1.0 12817.5891514
1HKQ 1.0 921.465512231
1Y2O 1.0 377589.315692
3EW0 1.0 9880.56078059
1QSM 1.0 814.739202537
1TWD 1.0 1124.43128981
2V6X 1.0 1630.51516885
1YR0 1.0 830.107982602
2BPL 1.0 1410.90053184
2IUH 1.0 7956.05117643
1YZX 1.0 1257.32939166
2ELA 1.0 11183.7859463
1NCQ 1.0 881.606235792
2VRS 2.0 269366.933896
2W9R 2.0 217964.968746
3DA0 2.0 982.798910855
1Z1S 2.0 937.592465565
3G20 2.0 279658.889083
1Z8G 2.0 1110.61497346
1TRB 2.0 1368.07393085
1LWU 2.0 268189.521661
1Y14 2.0 867.452122637
1GS5 3.0 828.617377029
2O8J 3.0 811.59959051
2C1L 3.0 705.295475304
2ZNL 3.0 1080.52954464
2VJI 3.0 777.717509095
2P3P 3.0 883.192340975
1MFT 3.0 618.225829047
3D0W 3.0 815.141762425
3IBM 4.0 773.691974153
Sorted by Average Score:
2EPL 1.0 393.661764822
1MFT 3.0 618.225829047
2C1L 3.0 705.295475304
3IBM 4.0 773.691974153
3FZV 1.0 776.384125851
1A9X 1.0 776.47520277
2VJI 3.0 777.717509095
1ELR 1.0 783.443215276
1UB0 1.0 786.505231063
2QTP 1.0 804.15491355
1P3W 1.0 811.427706372
2O8J 3.0 811.59959051
1QSM 1.0 814.739202537
3D0W 3.0 815.141762425
1B7B 1.0 820.025874804
3EUP 1.0 821.096467512
2DTC 1.0 826.115592583
1GS5 3.0 828.617377029
1YR0 1.0 830.107982602
1Y14 2.0 867.452122637
2FNU 1.0 870.972190481
1NCQ 1.0 881.606235792
2P3P 3.0 883.192340975
1B2P 1.0 896.964182661
1FKM 1.0 905.981023311
2B9U 1.0 909.608835334
1HKQ 1.0 921.465512231
2C0Z 1.0 924.271931777
1Z1S 2.0 937.592465565
2A87 1.0 950.601403807
1SH8 1.0 963.49577563
1F06 1.0 971.151816175
1HUU 1.0 978.62540695
3DA0 2.0 982.798910855
3DSQ 1.0 984.293803518
2P9R 1.0 1006.35279605
3C5T 1.0 1017.32151554
2PW0 1.0 1044.64679206
1EXS 1.0 1069.00187906
2ZNL 3.0 1080.52954464
1CNZ 1.0 1085.1880342
2O4N 1.0 1096.99990661
1P57 1.0 1106.8371635
1AQC 1.0 1107.00438645
2RB9 1.0 1107.65885519
1Z8G 2.0 1110.61497346
3EC8 1.0 1111.48935935
2Z1U 1.0 1116.11507854
1KJQ 1.0 1117.53271229
3I7D 1.0 1123.93010701
1TWD 1.0 1124.43128981
2PBI 1.0 1162.31460942
1F2T 1.0 1178.53705336
1VZJ 1.0 1211.13590349
1YZ4 1.0 1251.62714118
1YZX 1.0 1257.32939166
2W3Q 1.0 1261.99288084
1FSE 1.0 1271.27232721
2GEC 1.0 1273.21552763
1RP3 1.0 1280.84708383
1JMW 1.0 1324.81755498
1TRB 2.0 1368.07393085
1MZH 1.0 1393.87429135
2BPL 1.0 1410.90053184
3C2X 1.0 1411.00325979
3BK2 1.0 1430.17062585
1I07 1.0 1466.04610428
3FRQ 1.0 1467.95216754
1Z6Z 1.0 1469.60139372
2MEV 1.0 1493.24768778
1AFS 1.0 1534.24407906
1TME 1.0 1537.24711311
1EGP 1.0 1558.03508827
1J1B 1.0 1582.87329135
2V6X 1.0 1630.51516885
2NYX 1.0 1857.60205033
3CNX 1.0 2173.61476512
1B34 1.0 2465.69661027
2NZ7 1.0 5625.62502369
2IUH 1.0 7956.05117643
1G5G 1.0 9114.48081894
3EW0 1.0 9880.56078059
2ELA 1.0 11183.7859463
3DLQ 1.0 12817.5891514
2GPY 1.0 17079.2381083
1YVL 1.0 19570.085046
2VZ5 1.0 37618.8656085
2V8Q 1.0 56525.9437071
1YNN 1.0 68133.2906333
2F3X 1.0 99613.5948327
2B9B 1.0 157488.795073
2VDR 1.0 173128.227575
2W9R 2.0 217964.968746
1LWU 2.0 268189.521661
2VRS 2.0 269366.933896
3G20 2.0 279658.889083
1Y2O 1.0 377589.315692
3GOV 1.0 378122.071149
2D1L 1.0 398972.707566
2EFL 1.0 401153.977306
1IK9 1.0 404650.36691
2EFK 1.0 406417.316097
1M1J 1.0 466673.884757
3DMW 1.0 609495.569545
2D3E 1.0 638271.875675
2V71 1.0 642651.074788
2EFR 1.0 660598.772483
2OTO 1.0 665043.353992
1GMJ 1.0 675846.419508
2B9C 1.0 680784.102953
2FXM 1.0 692311.285625
2C3F 1.0 695200.606614
----Statistics from Local Scan----
Sorted by Appearances:
1JFZ 1.0 873.468518248
3BUL 1.0 1115.57177781
1Z9M 1.0 994.580745634
3FYF 1.0 1004.810773
1VCT 1.0 925.903167336
3D8X 1.0 1201.58154812
3C5T 1.0 901.863704241
1EQW 1.0 1408.62572868
1ZOQ 1.0 2485.45402522
1A8L 1.0 1073.55531597
3H9V 1.0 1336.24417432
2Z7X 1.0 972.331735513
1HUU 1.0 948.38414929
2DDM 1.0 969.293066616
2MEV 1.0 1408.78712459
1RTR 1.0 1008.95210924
2P3H 1.0 740.294444131
3DSQ 1.0 951.659392136
2FQM 1.0 2913.55236266
2WNS 1.0 784.471543683
2EPL 1.0 466.253017796
1TRB 1.0 1157.76198113
3EC8 1.0 1023.67960242
1EVY 1.0 1169.95513551
1BG5 1.0 467.745670954
1P3W 1.0 1021.86856364
2F69 1.0 1133.5913642
1UCR 1.0 1176.56005587
2P9R 1.0 852.100680624
2YXH 1.0 768.582625784
1UKK 1.0 1062.73372156
1BO4 1.0 829.145635142
1NEG 1.0 888.116761342
3E0K 1.0 1172.22060429
2AJA 1.0 2042.85772278
3CRJ 1.0 1425.29446319
2VMK 1.0 1495.66813943
2BKF 1.0 1013.11473373
3FSE 1.0 1572.34044043
1MZH 1.0 1412.68371818
3BID 1.0 2075.04848767
3IC6 1.0 1323.66273606
1QZ9 1.0 1006.40912437
3FF6 1.0 1843.69376047
1YC0 1.0 1149.87930902
2ARR 1.0 832.909919363
2O1B 1.0 1188.29824093
1EGP 1.0 1245.70391782
1EPA 1.0 1048.34650663
3F40 1.0 1230.84063272
2R1I 1.0 1452.75220164
2JD3 1.0 1567.43586003
2NYX 1.0 1864.2993292
3E48 1.0 1512.66727606
2VBF 1.0 4278.97146871
1J1B 1.0 1093.58084415
2GEC 1.0 1174.49169186
1P57 1.0 828.903904827
1YDL 1.0 1063.42632698
3FRQ 1.0 1553.95822036
3EUP 1.0 716.919650712
2EGX 1.0 1081.91088692
2QKW 1.0 1605.10772091
1AQC 1.0 1037.42862774
1JV1 1.0 1185.86984832
3FZV 1.0 711.705566651
2FUL 1.0 3492.2577002
3DA0 1.0 1529.28910609
2DC3 1.0 2256.70828604
2YZS 1.0 973.36108109
2F9D 1.0 466.771114846
2NNA 1.0 1464.77554767
2V6X 1.0 1746.81438296
2ZUV 1.0 1112.14424377
3FHW 1.0 1254.00545197
2GA0 1.0 1221.04924058
2ORY 1.0 1175.23547606
3CDL 1.0 1320.13541574
1FL2 1.0 1150.83414011
3BBY 1.0 819.434556785
1Z9P 1.0 777.969585078
1NCQ 1.0 1159.19052367
3DF8 1.0 717.173767941
1FLK 1.0 3134.29596493
2P1F 1.0 1110.53904014
1OY3 1.0 2155.52958226
1W9A 1.0 885.469980987
1I07 1.0 1661.07241016
1U69 1.0 1033.39196676
1FSE 1.0 1266.54340333
3BIC 1.0 1276.42540215
1B8X 1.0 461.581354936
2OGE 1.0 909.579978232
2PS1 1.0 1003.91001586
3E7Q 1.0 1425.11269076
2DX0 1.0 1143.37058594
2F9I 1.0 811.885835575
1OV9 1.0 2168.93283787
2QOG 1.0 1074.81707769
3CES 1.0 1705.08473763
Sorted by Average Score:
1B8X 1.0 461.581354936
2EPL 1.0 466.253017796
2F9D 1.0 466.771114846
1BG5 1.0 467.745670954
3FZV 1.0 711.705566651
3EUP 1.0 716.919650712
3DF8 1.0 717.173767941
2P3H 1.0 740.294444131
2YXH 1.0 768.582625784
1Z9P 1.0 777.969585078
2WNS 1.0 784.471543683
2F9I 1.0 811.885835575
3BBY 1.0 819.434556785
1P57 1.0 828.903904827
1BO4 1.0 829.145635142
2ARR 1.0 832.909919363
2P9R 1.0 852.100680624
1JFZ 1.0 873.468518248
1W9A 1.0 885.469980987
1NEG 1.0 888.116761342
3C5T 1.0 901.863704241
2OGE 1.0 909.579978232
1VCT 1.0 925.903167336
1HUU 1.0 948.38414929
3DSQ 1.0 951.659392136
2DDM 1.0 969.293066616
2Z7X 1.0 972.331735513
2YZS 1.0 973.36108109
1Z9M 1.0 994.580745634
2PS1 1.0 1003.91001586
3FYF 1.0 1004.810773
1QZ9 1.0 1006.40912437
1RTR 1.0 1008.95210924
2BKF 1.0 1013.11473373
1P3W 1.0 1021.86856364
3EC8 1.0 1023.67960242
1U69 1.0 1033.39196676
1AQC 1.0 1037.42862774
1EPA 1.0 1048.34650663
1UKK 1.0 1062.73372156
1YDL 1.0 1063.42632698
1A8L 1.0 1073.55531597
2QOG 1.0 1074.81707769
2EGX 1.0 1081.91088692
1J1B 1.0 1093.58084415
2P1F 1.0 1110.53904014
2ZUV 1.0 1112.14424377
3BUL 1.0 1115.57177781
2F69 1.0 1133.5913642
2DX0 1.0 1143.37058594
1YC0 1.0 1149.87930902
1FL2 1.0 1150.83414011
1TRB 1.0 1157.76198113
1NCQ 1.0 1159.19052367
1EVY 1.0 1169.95513551
3E0K 1.0 1172.22060429
2GEC 1.0 1174.49169186
2ORY 1.0 1175.23547606
1UCR 1.0 1176.56005587
1JV1 1.0 1185.86984832
2O1B 1.0 1188.29824093
3D8X 1.0 1201.58154812
2GA0 1.0 1221.04924058
3F40 1.0 1230.84063272
1EGP 1.0 1245.70391782
3FHW 1.0 1254.00545197
1FSE 1.0 1266.54340333
3BIC 1.0 1276.42540215
3CDL 1.0 1320.13541574
3IC6 1.0 1323.66273606
3H9V 1.0 1336.24417432
1EQW 1.0 1408.62572868
2MEV 1.0 1408.78712459
1MZH 1.0 1412.68371818
3E7Q 1.0 1425.11269076
3CRJ 1.0 1425.29446319
2R1I 1.0 1452.75220164
2NNA 1.0 1464.77554767
2VMK 1.0 1495.66813943
3E48 1.0 1512.66727606
3DA0 1.0 1529.28910609
3FRQ 1.0 1553.95822036
2JD3 1.0 1567.43586003
3FSE 1.0 1572.34044043
2QKW 1.0 1605.10772091
1I07 1.0 1661.07241016
3CES 1.0 1705.08473763
2V6X 1.0 1746.81438296
3FF6 1.0 1843.69376047
2NYX 1.0 1864.2993292
2AJA 1.0 2042.85772278
3BID 1.0 2075.04848767
1OY3 1.0 2155.52958226
1OV9 1.0 2168.93283787
2DC3 1.0 2256.70828604
1ZOQ 1.0 2485.45402522
2FQM 1.0 2913.55236266
1FLK 1.0 3134.29596493
2FUL 1.0 3492.2577002
2VBF 1.0 4278.97146871
